[debug] [2022-04-07T07:14:13.225Z] ----------------------------------------------------------------------
[debug] [2022-04-07T07:14:13.227Z] Command:       C:\Program Files\nodejs\node.exe C:\Users\kevin\AppData\Roaming\npm\node_modules\firebase-tools\lib\bin\firebase.js emulators:start --only auth
[debug] [2022-04-07T07:14:13.227Z] CLI Version:   10.5.0
[debug] [2022-04-07T07:14:13.227Z] Platform:      win32
[debug] [2022-04-07T07:14:13.227Z] Node Version:  v14.17.5
[debug] [2022-04-07T07:14:13.228Z] Time:          Thu Apr 07 2022 00:14:13 GMT-0700 (Pacific Daylight Time)
[debug] [2022-04-07T07:14:13.228Z] ----------------------------------------------------------------------
[debug] 
[debug] [2022-04-07T07:14:13.285Z] > command requires scopes: ["email","openid","https://www.googleapis.com/auth/cloudplatformprojects.readonly","https://www.googleapis.com/auth/firebase","https://www.googleapis.com/auth/cloud-platform"]
[debug] [2022-04-07T07:14:13.285Z] > authorizing via signed-in user (hellojava3301@gmail.com)
[info] i  emulators: Starting emulators: auth {"metadata":{"emulator":{"name":"hub"},"message":"Starting emulators: auth"}}
[debug] [2022-04-07T07:14:13.314Z] [hub] writing locator at C:\Users\kevin\AppData\Local\Temp\hub-cv-techteam-dev.json
[info] i  ui: downloading ui-v1.6.5.zip... {"metadata":{"emulator":{"name":"ui"},"message":"downloading ui-v1.6.5.zip..."}}
[debug] [2022-04-07T07:14:20.202Z] >>> [apiv2][query] GET https://storage.googleapis.com/firebase-preview-drop/emulator/ui-v1.6.5.zip 
[debug] [2022-04-07T07:14:20.261Z] <<< [apiv2][status] GET https://storage.googleapis.com/firebase-preview-drop/emulator/ui-v1.6.5.zip 200
[debug] [2022-04-07T07:14:20.261Z] <<< [apiv2][body] GET https://storage.googleapis.com/firebase-preview-drop/emulator/ui-v1.6.5.zip [stream]
[debug] [2022-04-07T07:14:21.352Z] Ignoring unsupported arg: auto_download {"metadata":{"emulator":{"name":"ui"},"message":"Ignoring unsupported arg: auto_download"}}
[debug] [2022-04-07T07:14:21.353Z] Ignoring unsupported arg: port {"metadata":{"emulator":{"name":"ui"},"message":"Ignoring unsupported arg: port"}}
[debug] [2022-04-07T07:14:21.353Z] Starting Emulator UI with command {"binary":"node","args":["C:\\Users\\kevin\\.cache\\firebase\\emulators\\ui-v1.6.5\\server.bundle.js"],"optionalArgs":[],"joinArgs":false} {"metadata":{"emulator":{"name":"ui"},"message":"Starting Emulator UI with command {\"binary\":\"node\",\"args\":[\"C:\\\\Users\\\\kevin\\\\.cache\\\\firebase\\\\emulators\\\\ui-v1.6.5\\\\server.bundle.js\"],\"optionalArgs\":[],\"joinArgs\":false}"}}
[info] i  ui: Emulator UI logging to ui-debug.log {"metadata":{"emulator":{"name":"ui"},"message":"Emulator UI logging to \u001b[1mui-debug.log\u001b[22m"}}
[debug] [2022-04-07T07:14:21.485Z] Web / API server started at localhost:4000
 {"metadata":{"emulator":{"name":"ui"},"message":"Web / API server started at localhost:4000\n"}}
[info] 
┌─────────────────────────────────────────────────────────────┐
│ ✔  All emulators ready! It is now safe to connect your app. │
│ i  View Emulator UI at http://localhost:4000                │
└─────────────────────────────────────────────────────────────┘

┌────────────────┬────────────────┬────────────────────────────┐
│ Emulator       │ Host:Port      │ View in Emulator UI        │
├────────────────┼────────────────┼────────────────────────────┤
│ Authentication │ localhost:9099 │ http://localhost:4000/auth │
└────────────────┴────────────────┴────────────────────────────┘
  Emulator Hub running at localhost:4400
  Other reserved ports: 4500

Issues? Report them at https://github.com/firebase/firebase-tools/issues and attach the *-debug.log files.
 
